<?xml version="1.0" encoding="UTF-8"?>
<testsuite xmlns:xsi="http://www.w3.org/2001/XMLSchema-instance" xsi:noNamespaceSchemaLocation="https://maven.apache.org/surefire/maven-surefire-plugin/xsd/surefire-test-report-3.0.xsd" version="3.0" name="io.finmsg.dmn.compiler.ClasspathDmnModelResolverTest" time="0.255" tests="5" errors="0" skipped="0" failures="0">
  <properties>
[...]
</properties>
  <testcase name="wrapsReadFailuresAndStillClosesTheStream" classname="io.finmsg.dmn.compiler.ClasspathDmnModelResolverTest" time="0.15"/>
  <testcase name="rejectsParentTraversalInConfiguredRoot" classname="io.finmsg.dmn.compiler.ClasspathDmnModelResolverTest" time="0.007"/>
  <testcase name="ignoresMissingNonClasspathAndNonLocationalImports" classname="io.finmsg.dmn.compiler.ClasspathDmnModelResolverTest" time="0.011"/>
  <testcase name="confinesResolutionToLogicalClasspathRoot" classname="io.finmsg.dmn.compiler.ClasspathDmnModelResolverTest" time="0.003"/>
  <testcase name="resolvesRelativeResourceAndClosesItsStream" classname="io.finmsg.dmn.compiler.ClasspathDmnModelResolverTest" time="0.026"/>
</testsuite>