<?xml version="1.0" encoding="UTF-8"?>
<testsuite xmlns:xsi="http://www.w3.org/2001/XMLSchema-instance" xsi:noNamespaceSchemaLocation="https://maven.apache.org/surefire/maven-surefire-plugin/xsd/surefire-test-report-3.0.xsd" version="3.0" name="io.finmsg.dmn.frontend.xml.dmn.DmnVersionDetectorTest" time="5.107" tests="1" errors="0" skipped="0" failures="0">
  <properties>
[...]
</properties>
  <testcase name="detect" classname="io.finmsg.dmn.frontend.xml.dmn.DmnVersionDetectorTest" time="4.973">
    <system-out><![CDATA[--- definitions of TrafficViolation.dmn-------------
node {
  id: "_1C792953-80DB-4B32-99EB-25FBE32BAF9E"
  name: "Traffic Violation"
  extension_elements {
  }
}
namespace: "https://github.com/kiegroup/drools/kie-dmn/_A4BCA8B8-CF08-433F-93B2-A2598F19ECFF"
expression_language: "https://www.omg.org/spec/DMN/20230324/FEEL/"
type_language: "https://www.omg.org/spec/DMN/20230324/FEEL/"
namespaces {
  uri: "https://github.com/kiegroup/drools/kie-dmn/_A4BCA8B8-CF08-433F-93B2-A2598F19ECFF"
}
namespaces {
  prefix: "di"
  uri: "http://www.omg.org/spec/DMN/20180521/DI/"
}
namespaces {
  prefix: "kie"
  uri: "http://www.drools.org/kie/dmn/1.2"
}
namespaces {
  prefix: "dmndi"
  uri: "https://www.omg.org/spec/DMN/20230324/DMNDI/"
}
namespaces {
  prefix: "dc"
  uri: "http://www.omg.org/spec/DMN/20180521/DC/"
}
item_definitions {
  node {
    id: "_63824D3F-9173-446D-A940-6A7F0FA056BB"
    name: "tDriver"
  }
  components {
    node {
      id: "_9DAB5DAA-3B44-4F6D-87F2-95125FB2FEE4"
      name: "Name"
    }
    type {
      builtin: BUILTIN_TYPE_STRING
    }
  }
  components {
    node {
      id: "_856BA8FA-EF7B-4DF9-A1EE-E28263CE9955"
      name: "Age"
    }
    type {
      builtin: BUILTIN_TYPE_NUMBER
    }
  }
  components {
    node {
      id: "_FDC2CE03-D465-47C2-A311-98944E8CC23F"
      name: "State"
    }
    type {
      builtin: BUILTIN_TYPE_STRING
    }
  }
  components {
    node {
      id: "_D6FD34C4-00DC-4C79-B1BF-BBCF6FC9B6D7"
      name: "City"
    }
    type {
      builtin: BUILTIN_TYPE_STRING
    }
  }
  components {
    node {
      id: "_7110FE7E-1A38-4C39-B0EB-AEEF06BA37F4"
      name: "Points"
    }
    type {
      builtin: BUILTIN_TYPE_NUMBER
    }
  }
}
item_definitions {
  node {
    id: "_40731093-0642-4588-9183-1660FC55053B"
    name: "tViolation"
  }
  components {
    node {
      id: "_39E88D9F-AE53-47AD-B3DE-8AB38D4F50B3"
      name: "Code"
    }
    type {
      builtin: BUILTIN_TYPE_STRING
    }
  }
  components {
    node {
      id: "_1648EA0A-2463-4B54-A12A-D743A3E3EE7B"
      name: "Date"
    }
    type {
      builtin: BUILTIN_TYPE_DATE
    }
  }
  components {
    node {
      id: "_9F129EAA-4E71-4D99-B6D0-84EEC3AC43CC"
      name: "Type"
    }
    type {
      builtin: BUILTIN_TYPE_STRING
    }
    constraint {
      text {
        text: "\"speed\", \"parking\", \"driving under the influence\""
      }
    }
  }
  components {
    node {
      id: "_DDD10D6E-BD38-4C79-9E2F-8155E3A4B438"
      name: "SpeedLimit"
    }
    type {
      builtin: BUILTIN_TYPE_NUMBER
    }
  }
  components {
    node {
      id: "_229F80E4-2892-494C-B70D-683ABF2345F6"
      name: "ActualSpeed"
    }
    type {
      builtin: BUILTIN_TYPE_NUMBER
    }
  }
}
item_definitions {
  node {
    id: "_2D4F30EE-21A6-4A78-A524-A5C238D433AE"
    name: "tFine"
  }
  components {
    node {
      id: "_B9F70BC7-1995-4F51-B949-1AB65538B405"
      name: "Amount"
    }
    type {
      builtin: BUILTIN_TYPE_NUMBER
    }
  }
  components {
    node {
      id: "_F49085D6-8F08-4463-9A1A-EF6B57635DBD"
      name: "Points"
    }
    type {
      builtin: BUILTIN_TYPE_NUMBER
    }
  }
}
drg_elements {
  input_data {
    node {
      id: "_1929CBD5-40E0-442D-B909-49CEDE0101DC"
      name: "Violation"
    }
    variable {
      node {
        id: "_C16CF9B1-5FAB-48A0-95E0-5FCD661E0406"
        name: "Violation"
      }
      type {
        named {
          name: "tViolation"
        }
      }
    }
  }
}
drg_elements {
  decision {
    node {
      id: "_4055D956-1C47-479C-B3F4-BAEB61F1C929"
      name: "Fine"
    }
    variable {
      node {
        id: "_8C1EAC83-F251-4D94-8A9E-B03ACF6849CD"
        name: "Fine"
      }
      type {
        named {
          name: "tFine"
        }
      }
    }
    logic {
      decision_table {
        node {
          id: "_C8F7F579-E06C-4A2F-8485-65FAFAC3FE6A"
        }
        hit_policy {
          policy: HIT_POLICY_UNIQUE
        }
        preferred_orientation: ORIENTATION_RULE_AS_ROW
        inputs {
          node {
            id: "_B53A6F0D-F72C-41EF-96B3-F31269AC0FED"
          }
          input_expression {
            text {
              text: "Violation.Type"
            }
          }
          type {
            builtin: BUILTIN_TYPE_STRING
          }
        }
        inputs {
          node {
            id: "_D5319F80-1C59-4736-AF2D-D29DE6B7E76D"
          }
          input_expression {
            text {
              text: "Violation.ActualSpeed - Violation.SpeedLimit"
            }
          }
          type {
            builtin: BUILTIN_TYPE_NUMBER
          }
        }
        outputs {
          node {
            id: "_9012031F-9C01-44E5-8CD2-E6704D594504"
            name: "Amount"
          }
          type {
            builtin: BUILTIN_TYPE_NUMBER
          }
        }
        outputs {
          node {
            id: "_7CAC8240-E1A5-4FEB-A0D4-B8613F0DE54B"
            name: "Points"
          }
          type {
            builtin: BUILTIN_TYPE_NUMBER
          }
        }
        rules {
          node {
            id: "_424A80AE-916F-4451-9B6B-71557F7EC65A"
          }
          input_entries {
            text {
              text: "\"speed\""
            }
          }
          input_entries {
            text {
              text: "[10..30)"
            }
          }
          output_entries {
            text {
              text: "500"
            }
          }
          output_entries {
            text {
              text: "3"
            }
          }
        }
        rules {
          node {
            id: "_B1ECE6A9-6B82-4A85-A7CA-5F96CDB0DCB6"
          }
          rule_index: 1
          input_entries {
            text {
              text: "\"speed\""
            }
          }
          input_entries {
            text {
              text: ">= 30"
            }
          }
          output_entries {
            text {
              text: "1000"
            }
          }
          output_entries {
            text {
              text: "7"
            }
          }
        }
        rules {
          node {
            id: "_8FC7068C-A3FD-44D9-AC2B-69C160A12E5D"
          }
          rule_index: 2
          input_entries {
            text {
              text: "\"parking\""
            }
          }
          input_entries {
            text {
              text: "-"
            }
          }
          output_entries {
            text {
              text: "100"
            }
          }
          output_entries {
            text {
              text: "1"
            }
          }
        }
        rules {
          node {
            id: "_A742DF2B-DC91-4166-9773-6EF86A45A625"
          }
          rule_index: 3
          input_entries {
            text {
              text: "\"driving under the influence\""
            }
          }
          input_entries {
            text {
              text: "-"
            }
          }
          output_entries {
            text {
              text: "1000"
            }
          }
          output_entries {
            text {
              text: "5"
            }
          }
        }
      }
    }
    information_requirements {
      input {
        href: "#_1929CBD5-40E0-442D-B909-49CEDE0101DC"
      }
    }
  }
}
drg_elements {
  input_data {
    node {
      id: "_1F9350D7-146D-46F1-85D8-15B5B68AF22A"
      name: "Driver"
    }
    variable {
      node {
        id: "_A80F16DF-0DB4-43A2-B041-32900B1A3F3D"
        name: "Driver"
      }
      type {
        named {
          name: "tDriver"
        }
      }
    }
  }
}
drg_elements {
  decision {
    node {
      id: "_8A408366-D8E9-4626-ABF3-5F69AA01F880"
      name: "Should the driver be suspended?"
    }
    variable {
      node {
        id: "_40387B66-5D00-48C8-BB90-E83EE3332C72"
        name: "Should the driver be suspended?"
      }
      type {
        builtin: BUILTIN_TYPE_STRING
      }
    }
    logic {
      boxed_expression {
        text {
          context {
            entries {
              variable {
                node {
                  id: "_09385E8D-68E0-4DFD-AAD8-141C15C96B71"
                  name: "TotalPoints"
                }
                type {
                  builtin: BUILTIN_TYPE_NUMBER
                }
              }
              expression {
                feel {
                  text: "Driver.Points + Fine.Points"
                }
              }
            }
            entries {
              expression {
                feel {
                  text: "if TotalPoints >= 20 then \"Yes\" else \"No\""
                }
              }
            }
          }
        }
      }
    }
    information_requirements {
      input {
        href: "#_1F9350D7-146D-46F1-85D8-15B5B68AF22A"
      }
    }
    information_requirements {
      decision {
        href: "#_4055D956-1C47-479C-B3F4-BAEB61F1C929"
      }
    }
  }
}

]]></system-out>
  </testcase>
</testsuite>