<?xml version="1.0" encoding="UTF-8"?>
<testsuite xmlns:xsi="http://www.w3.org/2001/XMLSchema-instance" xsi:noNamespaceSchemaLocation="https://maven.apache.org/surefire/maven-surefire-plugin/xsd/surefire-test-report-3.0.xsd" version="3.0" name="io.finmsg.dmn.tck.TckFullConformanceTest" time="0.318" tests="2" errors="0" skipped="0" failures="0">
  <properties>
[...]
</properties>
  <testcase name="verifyFullConformanceAndDualEngineParity" classname="io.finmsg.dmn.tck.TckFullConformanceTest" time="0.01">
    <system-err><![CDATA[Note: C:\Users\lik\AppData\Local\Temp\dmn-tck-gen-test7567796843127516072\io\finmsg\dmn\tck\gen\GeneratedTckEngine_1.java uses unchecked or unsafe operations.
Note: Recompile with -Xlint:unchecked for details.
]]></system-err>
  </testcase>
  <testcase name="verifyFullConformanceAndDualEngineParity" classname="io.finmsg.dmn.tck.TckFullConformanceTest" time="0.004"/>
</testsuite>